?   	NewENest/go-server/test/tools	[no test files]
=== RUN   TestRegisterUser
=== RUN   TestRegisterUser/成功注册新用户
=== RUN   TestRegisterUser/使用已存在的用户名注册
=== RUN   TestRegisterUser/使用已存在的邮箱注册
=== RUN   TestRegisterUser/请求参数不完整
--- PASS: TestRegisterUser (0.00s)
    --- PASS: TestRegisterUser/成功注册新用户 (0.00s)
    --- PASS: TestRegisterUser/使用已存在的用户名注册 (0.00s)
    --- PASS: TestRegisterUser/使用已存在的邮箱注册 (0.00s)
    --- PASS: TestRegisterUser/请求参数不完整 (0.00s)
=== RUN   TestLoginUser
=== RUN   TestLoginUser/成功登录
    auth_test.go:123: 
        	Error Trace:	/home/ENest/NewENest/go-server/test/auth_test.go:123
        	Error:      	Not equal: 
        	            	expected: 200
        	            	actual  : 0
        	Test:       	TestLoginUser/成功登录
    auth_test.go:124: 
        	Error Trace:	/home/ENest/NewENest/go-server/test/auth_test.go:124
        	Error:      	Not equal: 
        	            	expected: "登录成功"
        	            	actual  : ""
        	            	
        	            	Diff:
        	            	--- Expected
        	            	+++ Actual
        	            	@@ -1 +1 @@
        	            	-登录成功
        	            	+
        	Test:       	TestLoginUser/成功登录
    auth_test.go:125: 
        	Error Trace:	/home/ENest/NewENest/go-server/test/auth_test.go:125
        	Error:      	Expected value not to be nil.
        	Test:       	TestLoginUser/成功登录
    auth_test.go:129: 
        	Error Trace:	/home/ENest/NewENest/go-server/test/auth_test.go:129
        	Error:      	Should be true
        	Test:       	TestLoginUser/成功登录
    auth_test.go:130: 
        	Error Trace:	/home/ENest/NewENest/go-server/test/auth_test.go:130
        	Error:      	Expected value not to be nil.
        	Test:       	TestLoginUser/成功登录
    auth_test.go:133: 
        	Error Trace:	/home/ENest/NewENest/go-server/test/auth_test.go:133
        	Error:      	Should be true
        	Test:       	TestLoginUser/成功登录
    auth_test.go:134: 
        	Error Trace:	/home/ENest/NewENest/go-server/test/auth_test.go:134
        	Error:      	Not equal: 
        	            	expected: string("test_user")
        	            	actual  : <nil>(<nil>)
        	Test:       	TestLoginUser/成功登录
=== RUN   TestLoginUser/邮箱不存在
=== RUN   TestLoginUser/密码错误
=== RUN   TestLoginUser/请求参数不完整
--- FAIL: TestLoginUser (0.00s)
    --- FAIL: TestLoginUser/成功登录 (0.00s)
    --- PASS: TestLoginUser/邮箱不存在 (0.00s)
    --- PASS: TestLoginUser/密码错误 (0.00s)
    --- PASS: TestLoginUser/请求参数不完整 (0.00s)
=== RUN   TestGetFriendList
=== RUN   TestGetFriendList/成功获取好友列表
2025/05/12 11:23:04 JWT中间件 - 接收到的Authorization头: Bearer eyJhbGciOiJIUzI1NiIsInR5cCI6IkpXVCJ9.eyJ1c2VyX2lkIjoxLCJlbWFpbCI6InRlc3QxQGV4YW1wbGUuY29tIiwiZXhwIjoxNzQ3MTA2NTg0LCJpYXQiOjE3NDcwMjAxODQsImlzcyI6Im5ld2VuZXN0In0.ZMTLSVv498EDf6k0sR2jRNxQUBZ2eXYs3eVmN1-yf00
2025/05/12 11:23:04 JWT中间件 - 提取的令牌: eyJhbGciOiJIUzI1NiIsInR5cCI6IkpXVCJ9.eyJ1c2VyX2lkIjoxLCJlbWFpbCI6InRlc3QxQGV4YW1wbGUuY29tIiwiZXhwIjoxNzQ3MTA2NTg0LCJpYXQiOjE3NDcwMjAxODQsImlzcyI6Im5ld2VuZXN0In0.ZMTLSVv498EDf6k0sR2jRNxQUBZ2eXYs3eVmN1-yf00
2025/05/12 11:23:04 JWT中间件 - 成功解析自定义Claims，用户ID: 1
panic: runtime error: invalid memory address or nil pointer dereference
[signal SIGSEGV: segmentation violation code=0x1 addr=0x0 pc=0x6ccbe4]

goroutine 41 [running]:
github.com/jmoiron/sqlx.(*DB).Queryx(0x0, {0x791223?, 0xc0001ba120?}, {0xc000033888?, 0x4a6905?, 0xc0000b20c0?})
	/root/go/pkg/mod/github.com/jmoiron/sqlx@v1.4.0/sqlx.go:352 +0x24
NewENest/go-server/database.(*FriendRepository).GetFriendList(0xc0000a4bb8, 0x1)
	/home/ENest/NewENest/go-server/database/friend_repository.go:69 +0xa8
NewENest/go-server/handlers.(*FriendHandler).GetFriendList(0xc000166e20, 0xc00014a608)
	/home/ENest/NewENest/go-server/handlers/friend_handler.go:63 +0x5c
github.com/gofiber/fiber/v2.(*App).next(0xc00015ef08, 0xc00014a608)
	/root/go/pkg/mod/github.com/gofiber/fiber/v2@v2.52.6/router.go:145 +0x1be
github.com/gofiber/fiber/v2.(*Ctx).Next(0x78dcf5?)
	/root/go/pkg/mod/github.com/gofiber/fiber/v2@v2.52.6/ctx.go:1028 +0x4d
NewENest/go-server/test.setupRoutes.JWTMiddleware.func2(0xc00014a608)
	/home/ENest/NewENest/go-server/middleware/jwt.go:157 +0xbd8
github.com/gofiber/fiber/v2.(*App).next(0xc00015ef08, 0xc00014a608)
	/root/go/pkg/mod/github.com/gofiber/fiber/v2@v2.52.6/router.go:145 +0x1be
github.com/gofiber/fiber/v2.(*App).handler(0xc00015ef08, 0x49f04f?)
	/root/go/pkg/mod/github.com/gofiber/fiber/v2@v2.52.6/router.go:172 +0x69
github.com/valyala/fasthttp.(*Server).serveConn(0xc000102600, {0x80ad98, 0xc0000b4fa0})
	/root/go/pkg/mod/github.com/valyala/fasthttp@v1.51.0/server.go:2359 +0xe70
github.com/valyala/fasthttp.(*Server).ServeConn(0xc000102600, {0x80ad98?, 0xc0000b4fa0?})
	/root/go/pkg/mod/github.com/valyala/fasthttp@v1.51.0/server.go:2028 +0xb7
github.com/gofiber/fiber/v2.(*App).Test.func1()
	/root/go/pkg/mod/github.com/gofiber/fiber/v2@v2.52.6/app.go:952 +0x6e
created by github.com/gofiber/fiber/v2.(*App).Test in goroutine 40
	/root/go/pkg/mod/github.com/gofiber/fiber/v2@v2.52.6/app.go:944 +0x390
FAIL	NewENest/go-server/test	0.009s
FAIL
